<?xml version="1.0" encoding="UTF-8"?>
<!-- Generated by org.testng.reporters.JUnitXMLReporter -->
<testsuite ignored="3" hostname="DESKTOP-TBIFUQ1" failures="0" tests="1" name="Default test" time="28.979" errors="0" timestamp="2023-12-31T11:41:41 PST">
  <testcase classname="com.qa.opencart.tests.LoginPageTest" name="loginTest" time="5.382"/>
  <testcase classname="com.qa.opencart.tests.LoginPageTest" name="forgotPwdLinkExistTest" time="0.0">
    <ignored/>
  </testcase> <!-- forgotPwdLinkExistTest -->
  <testcase classname="com.qa.opencart.tests.LoginPageTest" name="loginPageTitleTest" time="0.0">
    <ignored/>
  </testcase> <!-- loginPageTitleTest -->
  <testcase classname="com.qa.opencart.tests.LoginPageTest" name="loginPageURLTest" time="0.0">
    <ignored/>
  </testcase> <!-- loginPageURLTest -->
</testsuite> <!-- Default test -->
